{"uuid":"283fd03f-18c0-484f-8633-5654b3f6a72c","historyId":"3fbc7f77484272e794852c71c0358a34","fullName":"org.testapp.Ui.Test.ServiceDeskV2FunctionalTest.ServiceDeskSmokeTest.staffLoginWithValidCredentials","labels":[{"name":"package","value":"org.testapp.Ui.Test.ServiceDeskV2FunctionalTest.ServiceDeskSmokeTest"},{"name":"testClass","value":"org.testapp.Ui.Test.ServiceDeskV2FunctionalTest.ServiceDeskSmokeTest"},{"name":"testMethod","value":"staffLoginWithValidCredentials"},{"name":"parentSuite","value":"Parallel Test Suite"},{"name":"suite","value":"OS Ticket V2 FUNCTIONAL Test"},{"name":"subSuite","value":"org.testapp.Ui.Test.ServiceDeskV2FunctionalTest.ServiceDeskSmokeTest"},{"name":"host","value":"ANDL192"},{"name":"thread","value":"124961@ANDL192.TestNG-test=OS Ticket V2 FUNCTIONAL Test-1(20)"},{"name":"framework","value":"testng"},{"name":"language","value":"java"}],"links":[],"name":"staffLoginWithValidCredentials","status":"broken","statusDetails":{"known":false,"muted":false,"flaky":false,"message":"Expected to read a START_MAP but instead have: END. Last 0 characters read: \nBuild info: version: '4.0.0', revision: '3a21814679'\nSystem info: host: 'ANDL192', ip: '127.0.1.1', os.name: 'Linux', os.arch: 'amd64', os.version: '5.13.0-41-generic', java.version: '11.0.15'\nDriver info: driver.version: unknown\nBuild info: version: '3.141.59', revision: 'e82be7d358', time: '2018-11-14T08:17:03'\nSystem info: host: 'ANDL192', ip: '127.0.1.1', os.name: 'Linux', os.arch: 'amd64', os.version: '5.13.0-41-generic', java.version: '11.0.15'\nDriver info: org.openqa.selenium.remote.RemoteWebDriver\nCapabilities {acceptInsecureCerts: true, browserName: firefox, browserVersion: 100.0.2, javascriptEnabled: true, moz:accessibilityChecks: false, moz:buildID: 20220519220738, moz:geckodriverVersion: 0.30.0, moz:headless: false, moz:processID: 125021, moz:profile: /tmp/rust_mozprofileFFY6pu, moz:shutdownTimeout: 60000, moz:useNonSpecCompliantPointerOrigin: false, moz:webdriverClick: true, pageLoadStrategy: normal, platform: LINUX, platformName: LINUX, platformVersion: 5.13.0-41-generic, proxy: Proxy(), setWindowRect: true, strictFileInteractability: false, timeouts: {implicit: 0, pageLoad: 300000, script: 30000}, unhandledPromptBehavior: dismiss and notify}\nSession ID: 4e98da53-ba0e-4642-ba8b-ad278ef02535\n*** Element info: {Using=css selector, value=#staff-login > div > form > div:nth-child(5) > input}","trace":"org.openqa.selenium.WebDriverException: Expected to read a START_MAP but instead have: END. Last 0 characters read: \nBuild info: version: '4.0.0', revision: '3a21814679'\nSystem info: host: 'ANDL192', ip: '127.0.1.1', os.name: 'Linux', os.arch: 'amd64', os.version: '5.13.0-41-generic', java.version: '11.0.15'\nDriver info: driver.version: unknown\nBuild info: version: '3.141.59', revision: 'e82be7d358', time: '2018-11-14T08:17:03'\nSystem info: host: 'ANDL192', ip: '127.0.1.1', os.name: 'Linux', os.arch: 'amd64', os.version: '5.13.0-41-generic', java.version: '11.0.15'\nDriver info: org.openqa.selenium.remote.RemoteWebDriver\nCapabilities {acceptInsecureCerts: true, browserName: firefox, browserVersion: 100.0.2, javascriptEnabled: true, moz:accessibilityChecks: false, moz:buildID: 20220519220738, moz:geckodriverVersion: 0.30.0, moz:headless: false, moz:processID: 125021, moz:profile: /tmp/rust_mozprofileFFY6pu, moz:shutdownTimeout: 60000, moz:useNonSpecCompliantPointerOrigin: false, moz:webdriverClick: true, pageLoadStrategy: normal, platform: LINUX, platformName: LINUX, platformVersion: 5.13.0-41-generic, proxy: Proxy(), setWindowRect: true, strictFileInteractability: false, timeouts: {implicit: 0, pageLoad: 300000, script: 30000}, unhandledPromptBehavior: dismiss and notify}\nSession ID: 4e98da53-ba0e-4642-ba8b-ad278ef02535\n*** Element info: {Using=css selector, value=#staff-login > div > form > div:nth-child(5) > input}\n\tat java.base/jdk.internal.reflect.NativeConstructorAccessorImpl.newInstance0(Native Method)\n\tat java.base/jdk.internal.reflect.NativeConstructorAccessorImpl.newInstance(NativeConstructorAccessorImpl.java:62)\n\tat java.base/jdk.internal.reflect.DelegatingConstructorAccessorImpl.newInstance(DelegatingConstructorAccessorImpl.java:45)\n\tat java.base/java.lang.reflect.Constructor.newInstance(Constructor.java:490)\n\tat org.openqa.selenium.remote.http.W3CHttpResponseCodec.createException(W3CHttpResponseCodec.java:187)\n\tat org.openqa.selenium.remote.http.W3CHttpResponseCodec.decode(W3CHttpResponseCodec.java:122)\n\tat org.openqa.selenium.remote.http.W3CHttpResponseCodec.decode(W3CHttpResponseCodec.java:49)\n\tat org.openqa.selenium.remote.HttpCommandExecutor.execute(HttpCommandExecutor.java:158)\n\tat org.openqa.selenium.remote.RemoteWebDriver.execute(RemoteWebDriver.java:552)\n\tat org.openqa.selenium.remote.RemoteWebDriver.findElement(RemoteWebDriver.java:323)\n\tat org.openqa.selenium.remote.RemoteWebDriver.findElementByCssSelector(RemoteWebDriver.java:420)\n\tat org.openqa.selenium.By$ByCssSelector.findElement(By.java:431)\n\tat org.openqa.selenium.remote.RemoteWebDriver.findElement(RemoteWebDriver.java:315)\n\tat org.testapp.Ui.Pages.BasePage.findBy(BasePage.java:33)\n\tat org.testapp.Ui.Pages.BasePage.setText(BasePage.java:62)\n\tat org.testapp.Ui.Pages.Faveo.LoginPage.staffLogin(LoginPage.java:70)\n\tat org.testapp.Ui.Test.ServiceDeskV2FunctionalTest.ServiceDeskSmokeTest.staffLoginWithValidCredentials(ServiceDeskSmokeTest.java:22)\n\tat java.base/jdk.internal.reflect.NativeMethodAccessorImpl.invoke0(Native Method)\n\tat java.base/jdk.internal.reflect.NativeMethodAccessorImpl.invoke(NativeMethodAccessorImpl.java:62)\n\tat java.base/jdk.internal.reflect.DelegatingMethodAccessorImpl.invoke(DelegatingMethodAccessorImpl.java:43)\n\tat java.base/java.lang.reflect.Method.invoke(Method.java:566)\n\tat org.testng.internal.MethodInvocationHelper.invokeMethod(MethodInvocationHelper.java:133)\n\tat org.testng.internal.TestInvoker.invokeMethod(TestInvoker.java:598)\n\tat org.testng.internal.TestInvoker.invokeTestMethod(TestInvoker.java:173)\n\tat org.testng.internal.MethodRunner.runInSequence(MethodRunner.java:46)\n\tat org.testng.internal.TestInvoker$MethodInvocationAgent.invoke(TestInvoker.java:824)\n\tat org.testng.internal.TestInvoker.invokeTestMethods(TestInvoker.java:146)\n\tat org.testng.internal.TestMethodWorker.invokeTestMethods(TestMethodWorker.java:146)\n\tat org.testng.internal.TestMethodWorker.run(TestMethodWorker.java:128)\n\tat java.base/java.util.concurrent.ThreadPoolExecutor.runWorker(ThreadPoolExecutor.java:1128)\n\tat java.base/java.util.concurrent.ThreadPoolExecutor$Worker.run(ThreadPoolExecutor.java:628)\n\tat java.base/java.lang.Thread.run(Thread.java:829)\n"},"stage":"finished","steps":[{"name":"Staff login with email testaccount_msp1@yopmail.com and password Comodo456*","status":"broken","statusDetails":{"known":false,"muted":false,"flaky":false,"message":"Expected to read a START_MAP but instead have: END. Last 0 characters read: \nBuild info: version: '4.0.0', revision: '3a21814679'\nSystem info: host: 'ANDL192', ip: '127.0.1.1', os.name: 'Linux', os.arch: 'amd64', os.version: '5.13.0-41-generic', java.version: '11.0.15'\nDriver info: driver.version: unknown\nBuild info: version: '3.141.59', revision: 'e82be7d358', time: '2018-11-14T08:17:03'\nSystem info: host: 'ANDL192', ip: '127.0.1.1', os.name: 'Linux', os.arch: 'amd64', os.version: '5.13.0-41-generic', java.version: '11.0.15'\nDriver info: org.openqa.selenium.remote.RemoteWebDriver\nCapabilities {acceptInsecureCerts: true, browserName: firefox, browserVersion: 100.0.2, javascriptEnabled: true, moz:accessibilityChecks: false, moz:buildID: 20220519220738, moz:geckodriverVersion: 0.30.0, moz:headless: false, moz:processID: 125021, moz:profile: /tmp/rust_mozprofileFFY6pu, moz:shutdownTimeout: 60000, moz:useNonSpecCompliantPointerOrigin: false, moz:webdriverClick: true, pageLoadStrategy: normal, platform: LINUX, platformName: LINUX, platformVersion: 5.13.0-41-generic, proxy: Proxy(), setWindowRect: true, strictFileInteractability: false, timeouts: {implicit: 0, pageLoad: 300000, script: 30000}, unhandledPromptBehavior: dismiss and notify}\nSession ID: 4e98da53-ba0e-4642-ba8b-ad278ef02535\n*** Element info: {Using=css selector, value=#staff-login > div > form > div:nth-child(5) > input}","trace":"org.openqa.selenium.WebDriverException: Expected to read a START_MAP but instead have: END. Last 0 characters read: \nBuild info: version: '4.0.0', revision: '3a21814679'\nSystem info: host: 'ANDL192', ip: '127.0.1.1', os.name: 'Linux', os.arch: 'amd64', os.version: '5.13.0-41-generic', java.version: '11.0.15'\nDriver info: driver.version: unknown\nBuild info: version: '3.141.59', revision: 'e82be7d358', time: '2018-11-14T08:17:03'\nSystem info: host: 'ANDL192', ip: '127.0.1.1', os.name: 'Linux', os.arch: 'amd64', os.version: '5.13.0-41-generic', java.version: '11.0.15'\nDriver info: org.openqa.selenium.remote.RemoteWebDriver\nCapabilities {acceptInsecureCerts: true, browserName: firefox, browserVersion: 100.0.2, javascriptEnabled: true, moz:accessibilityChecks: false, moz:buildID: 20220519220738, moz:geckodriverVersion: 0.30.0, moz:headless: false, moz:processID: 125021, moz:profile: /tmp/rust_mozprofileFFY6pu, moz:shutdownTimeout: 60000, moz:useNonSpecCompliantPointerOrigin: false, moz:webdriverClick: true, pageLoadStrategy: normal, platform: LINUX, platformName: LINUX, platformVersion: 5.13.0-41-generic, proxy: Proxy(), setWindowRect: true, strictFileInteractability: false, timeouts: {implicit: 0, pageLoad: 300000, script: 30000}, unhandledPromptBehavior: dismiss and notify}\nSession ID: 4e98da53-ba0e-4642-ba8b-ad278ef02535\n*** Element info: {Using=css selector, value=#staff-login > div > form > div:nth-child(5) > input}\n\tat java.base/jdk.internal.reflect.NativeConstructorAccessorImpl.newInstance0(Native Method)\n\tat java.base/jdk.internal.reflect.NativeConstructorAccessorImpl.newInstance(NativeConstructorAccessorImpl.java:62)\n\tat java.base/jdk.internal.reflect.DelegatingConstructorAccessorImpl.newInstance(DelegatingConstructorAccessorImpl.java:45)\n\tat java.base/java.lang.reflect.Constructor.newInstance(Constructor.java:490)\n\tat org.openqa.selenium.remote.http.W3CHttpResponseCodec.createException(W3CHttpResponseCodec.java:187)\n\tat org.openqa.selenium.remote.http.W3CHttpResponseCodec.decode(W3CHttpResponseCodec.java:122)\n\tat org.openqa.selenium.remote.http.W3CHttpResponseCodec.decode(W3CHttpResponseCodec.java:49)\n\tat org.openqa.selenium.remote.HttpCommandExecutor.execute(HttpCommandExecutor.java:158)\n\tat org.openqa.selenium.remote.RemoteWebDriver.execute(RemoteWebDriver.java:552)\n\tat org.openqa.selenium.remote.RemoteWebDriver.findElement(RemoteWebDriver.java:323)\n\tat org.openqa.selenium.remote.RemoteWebDriver.findElementByCssSelector(RemoteWebDriver.java:420)\n\tat org.openqa.selenium.By$ByCssSelector.findElement(By.java:431)\n\tat org.openqa.selenium.remote.RemoteWebDriver.findElement(RemoteWebDriver.java:315)\n\tat org.testapp.Ui.Pages.BasePage.findBy(BasePage.java:33)\n\tat org.testapp.Ui.Pages.BasePage.setText(BasePage.java:62)\n\tat org.testapp.Ui.Pages.Faveo.LoginPage.staffLogin(LoginPage.java:70)\n\tat org.testapp.Ui.Test.ServiceDeskV2FunctionalTest.ServiceDeskSmokeTest.staffLoginWithValidCredentials(ServiceDeskSmokeTest.java:22)\n\tat java.base/jdk.internal.reflect.NativeMethodAccessorImpl.invoke0(Native Method)\n\tat java.base/jdk.internal.reflect.NativeMethodAccessorImpl.invoke(NativeMethodAccessorImpl.java:62)\n\tat java.base/jdk.internal.reflect.DelegatingMethodAccessorImpl.invoke(DelegatingMethodAccessorImpl.java:43)\n\tat java.base/java.lang.reflect.Method.invoke(Method.java:566)\n\tat org.testng.internal.MethodInvocationHelper.invokeMethod(MethodInvocationHelper.java:133)\n\tat org.testng.internal.TestInvoker.invokeMethod(TestInvoker.java:598)\n\tat org.testng.internal.TestInvoker.invokeTestMethod(TestInvoker.java:173)\n\tat org.testng.internal.MethodRunner.runInSequence(MethodRunner.java:46)\n\tat org.testng.internal.TestInvoker$MethodInvocationAgent.invoke(TestInvoker.java:824)\n\tat org.testng.internal.TestInvoker.invokeTestMethods(TestInvoker.java:146)\n\tat org.testng.internal.TestMethodWorker.invokeTestMethods(TestMethodWorker.java:146)\n\tat org.testng.internal.TestMethodWorker.run(TestMethodWorker.java:128)\n\tat java.base/java.util.concurrent.ThreadPoolExecutor.runWorker(ThreadPoolExecutor.java:1128)\n\tat java.base/java.util.concurrent.ThreadPoolExecutor$Worker.run(ThreadPoolExecutor.java:628)\n\tat java.base/java.lang.Thread.run(Thread.java:829)\n"},"stage":"finished","steps":[],"attachments":[],"parameters":[{"name":"email","value":"testaccount_msp1@yopmail.com"},{"name":"pwd","value":"Comodo456*"}],"start":1653485698277,"stop":1653485698800}],"attachments":[{"name":"Page screenshot ","source":"a6e4ac5d-03cd-4f78-add3-8669ad18a5f5-attachment","type":"image/png"}],"parameters":[{"name":"browserName","value":"firefox-grid"}],"start":1653485697591,"stop":1653485698884}