{"uuid":"f6f10409-7f39-4659-a8d2-8f3c87e32b5c","historyId":"9a580e19f6b9a8c6e17c5a319110a462","fullName":"org.testapp.Ui.Test.ServiceDeskV2FunctionalTest.ServiceDeskFunctionalTest.staffLoginWithValidCredentials","labels":[{"name":"package","value":"org.testapp.Ui.Test.ServiceDeskV2FunctionalTest.ServiceDeskFunctionalTest"},{"name":"testClass","value":"org.testapp.Ui.Test.ServiceDeskV2FunctionalTest.ServiceDeskFunctionalTest"},{"name":"testMethod","value":"staffLoginWithValidCredentials"},{"name":"parentSuite","value":"Parallel Test Suite"},{"name":"suite","value":"OS Ticket V2 FUNCTIONAL Test"},{"name":"subSuite","value":"org.testapp.Ui.Test.ServiceDeskV2FunctionalTest.ServiceDeskFunctionalTest"},{"name":"host","value":"ANDL192"},{"name":"thread","value":"264614@ANDL192.TestNG-test=OS Ticket V2 FUNCTIONAL Test-1(24)"},{"name":"framework","value":"testng"},{"name":"language","value":"java"}],"links":[],"name":"staffLoginWithValidCredentials","status":"broken","statusDetails":{"known":false,"muted":false,"flaky":false,"message":"Expected condition failed: waiting for element to be clickable: By.id: staff-login-tab (tried for 20 second(s) with 500 milliseconds interval)\nBuild info: version: '3.141.59', revision: 'e82be7d358', time: '2018-11-14T08:17:03'\nSystem info: host: 'ANDL192', ip: '127.0.1.1', os.name: 'Linux', os.arch: 'amd64', os.version: '5.13.0-39-generic', java.version: '11.0.14.1'\nDriver info: org.openqa.selenium.remote.RemoteWebDriver\nCapabilities {acceptInsecureCerts: true, browserName: firefox, browserVersion: 99.0, javascriptEnabled: true, moz:accessibilityChecks: false, moz:buildID: 20220330194208, moz:geckodriverVersion: 0.30.0, moz:headless: false, moz:processID: 264689, moz:profile: /tmp/rust_mozprofileNhFA35, moz:shutdownTimeout: 60000, moz:useNonSpecCompliantPointerOrigin: false, moz:webdriverClick: true, pageLoadStrategy: normal, platform: LINUX, platformName: LINUX, platformVersion: 5.13.0-39-generic, proxy: Proxy(), setWindowRect: true, strictFileInteractability: false, timeouts: {implicit: 0, pageLoad: 300000, script: 30000}, unhandledPromptBehavior: dismiss and notify}\nSession ID: 9efe7043-274d-4f19-9596-bbc264359695","trace":"org.openqa.selenium.TimeoutException: Expected condition failed: waiting for element to be clickable: By.id: staff-login-tab (tried for 20 second(s) with 500 milliseconds interval)\nBuild info: version: '3.141.59', revision: 'e82be7d358', time: '2018-11-14T08:17:03'\nSystem info: host: 'ANDL192', ip: '127.0.1.1', os.name: 'Linux', os.arch: 'amd64', os.version: '5.13.0-39-generic', java.version: '11.0.14.1'\nDriver info: org.openqa.selenium.remote.RemoteWebDriver\nCapabilities {acceptInsecureCerts: true, browserName: firefox, browserVersion: 99.0, javascriptEnabled: true, moz:accessibilityChecks: false, moz:buildID: 20220330194208, moz:geckodriverVersion: 0.30.0, moz:headless: false, moz:processID: 264689, moz:profile: /tmp/rust_mozprofileNhFA35, moz:shutdownTimeout: 60000, moz:useNonSpecCompliantPointerOrigin: false, moz:webdriverClick: true, pageLoadStrategy: normal, platform: LINUX, platformName: LINUX, platformVersion: 5.13.0-39-generic, proxy: Proxy(), setWindowRect: true, strictFileInteractability: false, timeouts: {implicit: 0, pageLoad: 300000, script: 30000}, unhandledPromptBehavior: dismiss and notify}\nSession ID: 9efe7043-274d-4f19-9596-bbc264359695\n\tat org.openqa.selenium.support.ui.WebDriverWait.timeoutException(WebDriverWait.java:95)\n\tat org.openqa.selenium.support.ui.FluentWait.until(FluentWait.java:272)\n\tat org.testapp.Ui.Pages.BasePage.waitForLocator(BasePage.java:29)\n\tat org.testapp.Ui.Pages.BasePage.click(BasePage.java:56)\n\tat org.testapp.Ui.Pages.Faveo.LoginPage.staffLogin(LoginPage.java:61)\n\tat org.testapp.Ui.Test.ServiceDeskV2FunctionalTest.ServiceDeskFunctionalTest.staffLoginWithValidCredentials(ServiceDeskFunctionalTest.java:22)\n\tat java.base/jdk.internal.reflect.NativeMethodAccessorImpl.invoke0(Native Method)\n\tat java.base/jdk.internal.reflect.NativeMethodAccessorImpl.invoke(NativeMethodAccessorImpl.java:62)\n\tat java.base/jdk.internal.reflect.DelegatingMethodAccessorImpl.invoke(DelegatingMethodAccessorImpl.java:43)\n\tat java.base/java.lang.reflect.Method.invoke(Method.java:566)\n\tat org.testng.internal.MethodInvocationHelper.invokeMethod(MethodInvocationHelper.java:133)\n\tat org.testng.internal.TestInvoker.invokeMethod(TestInvoker.java:598)\n\tat org.testng.internal.TestInvoker.invokeTestMethod(TestInvoker.java:173)\n\tat org.testng.internal.MethodRunner.runInSequence(MethodRunner.java:46)\n\tat org.testng.internal.TestInvoker$MethodInvocationAgent.invoke(TestInvoker.java:824)\n\tat org.testng.internal.TestInvoker.invokeTestMethods(TestInvoker.java:146)\n\tat org.testng.internal.TestMethodWorker.invokeTestMethods(TestMethodWorker.java:146)\n\tat org.testng.internal.TestMethodWorker.run(TestMethodWorker.java:128)\n\tat java.base/java.util.concurrent.ThreadPoolExecutor.runWorker(ThreadPoolExecutor.java:1128)\n\tat java.base/java.util.concurrent.ThreadPoolExecutor$Worker.run(ThreadPoolExecutor.java:628)\n\tat java.base/java.lang.Thread.run(Thread.java:829)\n"},"stage":"finished","steps":[{"name":"Staff login with email sprint9stag1msp@yopmail.com and password !!TEst123","status":"broken","statusDetails":{"known":false,"muted":false,"flaky":false,"message":"Expected condition failed: waiting for element to be clickable: By.id: staff-login-tab (tried for 20 second(s) with 500 milliseconds interval)\nBuild info: version: '3.141.59', revision: 'e82be7d358', time: '2018-11-14T08:17:03'\nSystem info: host: 'ANDL192', ip: '127.0.1.1', os.name: 'Linux', os.arch: 'amd64', os.version: '5.13.0-39-generic', java.version: '11.0.14.1'\nDriver info: org.openqa.selenium.remote.RemoteWebDriver\nCapabilities {acceptInsecureCerts: true, browserName: firefox, browserVersion: 99.0, javascriptEnabled: true, moz:accessibilityChecks: false, moz:buildID: 20220330194208, moz:geckodriverVersion: 0.30.0, moz:headless: false, moz:processID: 264689, moz:profile: /tmp/rust_mozprofileNhFA35, moz:shutdownTimeout: 60000, moz:useNonSpecCompliantPointerOrigin: false, moz:webdriverClick: true, pageLoadStrategy: normal, platform: LINUX, platformName: LINUX, platformVersion: 5.13.0-39-generic, proxy: Proxy(), setWindowRect: true, strictFileInteractability: false, timeouts: {implicit: 0, pageLoad: 300000, script: 30000}, unhandledPromptBehavior: dismiss and notify}\nSession ID: 9efe7043-274d-4f19-9596-bbc264359695","trace":"org.openqa.selenium.TimeoutException: Expected condition failed: waiting for element to be clickable: By.id: staff-login-tab (tried for 20 second(s) with 500 milliseconds interval)\nBuild info: version: '3.141.59', revision: 'e82be7d358', time: '2018-11-14T08:17:03'\nSystem info: host: 'ANDL192', ip: '127.0.1.1', os.name: 'Linux', os.arch: 'amd64', os.version: '5.13.0-39-generic', java.version: '11.0.14.1'\nDriver info: org.openqa.selenium.remote.RemoteWebDriver\nCapabilities {acceptInsecureCerts: true, browserName: firefox, browserVersion: 99.0, javascriptEnabled: true, moz:accessibilityChecks: false, moz:buildID: 20220330194208, moz:geckodriverVersion: 0.30.0, moz:headless: false, moz:processID: 264689, moz:profile: /tmp/rust_mozprofileNhFA35, moz:shutdownTimeout: 60000, moz:useNonSpecCompliantPointerOrigin: false, moz:webdriverClick: true, pageLoadStrategy: normal, platform: LINUX, platformName: LINUX, platformVersion: 5.13.0-39-generic, proxy: Proxy(), setWindowRect: true, strictFileInteractability: false, timeouts: {implicit: 0, pageLoad: 300000, script: 30000}, unhandledPromptBehavior: dismiss and notify}\nSession ID: 9efe7043-274d-4f19-9596-bbc264359695\n\tat org.openqa.selenium.support.ui.WebDriverWait.timeoutException(WebDriverWait.java:95)\n\tat org.openqa.selenium.support.ui.FluentWait.until(FluentWait.java:272)\n\tat org.testapp.Ui.Pages.BasePage.waitForLocator(BasePage.java:29)\n\tat org.testapp.Ui.Pages.BasePage.click(BasePage.java:56)\n\tat org.testapp.Ui.Pages.Faveo.LoginPage.staffLogin(LoginPage.java:61)\n\tat org.testapp.Ui.Test.ServiceDeskV2FunctionalTest.ServiceDeskFunctionalTest.staffLoginWithValidCredentials(ServiceDeskFunctionalTest.java:22)\n\tat java.base/jdk.internal.reflect.NativeMethodAccessorImpl.invoke0(Native Method)\n\tat java.base/jdk.internal.reflect.NativeMethodAccessorImpl.invoke(NativeMethodAccessorImpl.java:62)\n\tat java.base/jdk.internal.reflect.DelegatingMethodAccessorImpl.invoke(DelegatingMethodAccessorImpl.java:43)\n\tat java.base/java.lang.reflect.Method.invoke(Method.java:566)\n\tat org.testng.internal.MethodInvocationHelper.invokeMethod(MethodInvocationHelper.java:133)\n\tat org.testng.internal.TestInvoker.invokeMethod(TestInvoker.java:598)\n\tat org.testng.internal.TestInvoker.invokeTestMethod(TestInvoker.java:173)\n\tat org.testng.internal.MethodRunner.runInSequence(MethodRunner.java:46)\n\tat org.testng.internal.TestInvoker$MethodInvocationAgent.invoke(TestInvoker.java:824)\n\tat org.testng.internal.TestInvoker.invokeTestMethods(TestInvoker.java:146)\n\tat org.testng.internal.TestMethodWorker.invokeTestMethods(TestMethodWorker.java:146)\n\tat org.testng.internal.TestMethodWorker.run(TestMethodWorker.java:128)\n\tat java.base/java.util.concurrent.ThreadPoolExecutor.runWorker(ThreadPoolExecutor.java:1128)\n\tat java.base/java.util.concurrent.ThreadPoolExecutor$Worker.run(ThreadPoolExecutor.java:628)\n\tat java.base/java.lang.Thread.run(Thread.java:829)\n"},"stage":"finished","steps":[],"attachments":[],"parameters":[{"name":"email","value":"sprint9stag1msp@yopmail.com"},{"name":"pwd","value":"!!TEst123"}],"start":1649859084669,"stop":1649859104755}],"attachments":[{"name":"Page screenshot ","source":"12fd0a32-03d5-4058-871e-0642d58f6bd5-attachment","type":"image/png"}],"parameters":[{"name":"browserName","value":"firefox-grid"}],"start":1649859069120,"stop":1649859104853}